<?xml version="1.0" encoding="UTF-8"?>
<testsuite xmlns:xsi="http://www.w3.org/2001/XMLSchema-instance" xsi:noNamespaceSchemaLocation="https://maven.apache.org/surefire/maven-surefire-plugin/xsd/surefire-test-report-3.0.xsd" version="3.0" name="TriangleTest" time="0.581" tests="30" errors="0" skipped="0" failures="0">
  <properties>
    <property name="java.specification.version" value="18"/>
    <property name="sun.cpu.isalist" value="amd64"/>
    <property name="sun.jnu.encoding" value="Cp1251"/>
    <property name="java.class.path" value="C:\Violetta\Education\Andersen\hwTasks\hw12_junit5\target\test-classes;C:\Violetta\Education\Andersen\hwTasks\hw12_junit5\target\classes;C:\Users\Админ\.m2\repository\org\junit\jupiter\junit-jupiter-api\5.9.1\junit-jupiter-api-5.9.1.jar;C:\Users\Админ\.m2\repository\org\opentest4j\opentest4j\1.2.0\opentest4j-1.2.0.jar;C:\Users\Админ\.m2\repository\org\junit\platform\junit-platform-commons\1.9.1\junit-platform-commons-1.9.1.jar;C:\Users\Админ\.m2\repository\org\apiguardian\apiguardian-api\1.1.2\apiguardian-api-1.1.2.jar;C:\Users\Админ\.m2\repository\org\junit\jupiter\junit-jupiter-params\5.9.0\junit-jupiter-params-5.9.0.jar;C:\Users\Админ\.m2\repository\org\junit\vintage\junit-vintage-engine\5.9.0\junit-vintage-engine-5.9.0.jar;C:\Users\Админ\.m2\repository\org\junit\platform\junit-platform-engine\1.9.0\junit-platform-engine-1.9.0.jar;C:\Users\Админ\.m2\repository\junit\junit\4.13.2\junit-4.13.2.jar;C:\Users\Админ\.m2\repository\org\hamcrest\hamcrest-core\1.3\hamcrest-core-1.3.jar;C:\Users\Админ\.m2\repository\org\testng\testng\7.6.1\testng-7.6.1.jar;C:\Users\Админ\.m2\repository\com\google\code\findbugs\jsr305\3.0.2\jsr305-3.0.2.jar;C:\Users\Админ\.m2\repository\org\slf4j\slf4j-api\1.7.36\slf4j-api-1.7.36.jar;C:\Users\Админ\.m2\repository\com\beust\jcommander\1.82\jcommander-1.82.jar;C:\Users\Админ\.m2\repository\org\webjars\jquery\3.6.0\jquery-3.6.0.jar;C:\Users\Админ\.m2\repository\org\apache\maven\plugins\maven-surefire-report-plugin\3.0.0-M7\maven-surefire-report-plugin-3.0.0-M7.jar;C:\Users\Админ\.m2\repository\org\apache\maven\surefire\surefire-report-parser\3.0.0-M7\surefire-report-parser-3.0.0-M7.jar;C:\Users\Админ\.m2\repository\org\apache\maven\surefire\surefire-logger-api\3.0.0-M7\surefire-logger-api-3.0.0-M7.jar;C:\Users\Админ\.m2\repository\org\apache\maven\shared\maven-shared-utils\3.3.4\maven-shared-utils-3.3.4.jar;C:\Users\Админ\.m2\repository\commons-io\commons-io\2.6\commons-io-2.6.jar;C:\Users\Админ\.m2\repository\org\apache\maven\reporting\maven-reporting-api\3.1.0\maven-reporting-api-3.1.0.jar;C:\Users\Админ\.m2\repository\org\apache\maven\reporting\maven-reporting-impl\3.1.0\maven-reporting-impl-3.1.0.jar;C:\Users\Админ\.m2\repository\org\apache\maven\doxia\doxia-sink-api\1.11.1\doxia-sink-api-1.11.1.jar;C:\Users\Админ\.m2\repository\org\apache\maven\doxia\doxia-logging-api\1.11.1\doxia-logging-api-1.11.1.jar;C:\Users\Админ\.m2\repository\org\apache\maven\doxia\doxia-decoration-model\1.11.1\doxia-decoration-model-1.11.1.jar;C:\Users\Админ\.m2\repository\org\codehaus\plexus\plexus-component-annotations\2.0.0\plexus-component-annotations-2.0.0.jar;C:\Users\Админ\.m2\repository\org\apache\maven\doxia\doxia-core\1.11.1\doxia-core-1.11.1.jar;C:\Users\Админ\.m2\repository\org\codehaus\plexus\plexus-container-default\2.1.0\plexus-container-default-2.1.0.jar;C:\Users\Админ\.m2\repository\org\codehaus\plexus\plexus-classworlds\2.6.0\plexus-classworlds-2.6.0.jar;C:\Users\Админ\.m2\repository\org\apache\xbean\xbean-reflect\3.7\xbean-reflect-3.7.jar;C:\Users\Админ\.m2\repository\com\google\collections\google-collections\1.0\google-collections-1.0.jar;C:\Users\Админ\.m2\repository\org\apache\commons\commons-lang3\3.8.1\commons-lang3-3.8.1.jar;C:\Users\Админ\.m2\repository\org\apache\commons\commons-text\1.3\commons-text-1.3.jar;C:\Users\Админ\.m2\repository\org\apache\httpcomponents\httpclient\4.5.13\httpclient-4.5.13.jar;C:\Users\Админ\.m2\repository\commons-logging\commons-logging\1.2\commons-logging-1.2.jar;C:\Users\Админ\.m2\repository\commons-codec\commons-codec\1.11\commons-codec-1.11.jar;C:\Users\Админ\.m2\repository\org\apache\httpcomponents\httpcore\4.4.14\httpcore-4.4.14.jar;C:\Users\Админ\.m2\repository\org\apache\maven\doxia\doxia-site-renderer\1.11.1\doxia-site-renderer-1.11.1.jar;C:\Users\Админ\.m2\repository\org\apache\maven\maven-artifact\3.0\maven-artifact-3.0.jar;C:\Users\Админ\.m2\repository\org\apache\maven\doxia\doxia-skin-model\1.11.1\doxia-skin-model-1.11.1.jar;C:\Users\Админ\.m2\repository\org\apache\maven\doxia\doxia-module-xhtml\1.11.1\doxia-module-xhtml-1.11.1.jar;C:\Users\Админ\.m2\repository\org\apache\maven\doxia\doxia-module-xhtml5\1.11.1\doxia-module-xhtml5-1.11.1.jar;C:\Users\Админ\.m2\repository\org\codehaus\plexus\plexus-i18n\1.0-beta-10\plexus-i18n-1.0-beta-10.jar;C:\Users\Админ\.m2\repository\org\codehaus\plexus\plexus-velocity\1.2\plexus-velocity-1.2.jar;C:\Users\Админ\.m2\repository\org\apache\velocity\velocity\1.7\velocity-1.7.jar;C:\Users\Админ\.m2\repository\commons-lang\commons-lang\2.4\commons-lang-2.4.jar;C:\Users\Админ\.m2\repository\org\apache\velocity\velocity-tools\2.0\velocity-tools-2.0.jar;C:\Users\Админ\.m2\repository\commons-beanutils\commons-beanutils\1.7.0\commons-beanutils-1.7.0.jar;C:\Users\Админ\.m2\repository\commons-digester\commons-digester\1.8\commons-digester-1.8.jar;C:\Users\Админ\.m2\repository\commons-chain\commons-chain\1.1\commons-chain-1.1.jar;C:\Users\Админ\.m2\repository\dom4j\dom4j\1.1\dom4j-1.1.jar;C:\Users\Админ\.m2\repository\oro\oro\2.0.8\oro-2.0.8.jar;C:\Users\Админ\.m2\repository\commons-collections\commons-collections\3.2.2\commons-collections-3.2.2.jar;C:\Users\Админ\.m2\repository\org\codehaus\plexus\plexus-utils\3.0.24\plexus-utils-3.0.24.jar;"/>
    <property name="java.vm.vendor" value="Oracle Corporation"/>
    <property name="sun.arch.data.model" value="64"/>
    <property name="user.variant" value=""/>
    <property name="java.vendor.url" value="https://java.oracle.com/"/>
    <property name="user.timezone" value="Europe/Warsaw"/>
    <property name="os.name" value="Windows 10"/>
    <property name="java.vm.specification.version" value="18"/>
    <property name="sun.java.launcher" value="SUN_STANDARD"/>
    <property name="user.country" value="GB"/>
    <property name="sun.boot.library.path" value="C:\Program Files\Java\jdk-18.0.1.1\bin"/>
    <property name="sun.java.command" value="C:\Users\Админ\AppData\Local\Temp\surefire12504139453246506223\surefirebooter-20221027173212965_3.jar C:\Users\Админ\AppData\Local\Temp\surefire12504139453246506223 2022-10-27T17-32-12_052-jvmRun1 surefire-20221027173212965_1tmp surefire_0-20221027173212965_2tmp"/>
    <property name="jdk.debug" value="release"/>
    <property name="surefire.test.class.path" value="C:\Violetta\Education\Andersen\hwTasks\hw12_junit5\target\test-classes;C:\Violetta\Education\Andersen\hwTasks\hw12_junit5\target\classes;C:\Users\Админ\.m2\repository\org\junit\jupiter\junit-jupiter-api\5.9.1\junit-jupiter-api-5.9.1.jar;C:\Users\Админ\.m2\repository\org\opentest4j\opentest4j\1.2.0\opentest4j-1.2.0.jar;C:\Users\Админ\.m2\repository\org\junit\platform\junit-platform-commons\1.9.1\junit-platform-commons-1.9.1.jar;C:\Users\Админ\.m2\repository\org\apiguardian\apiguardian-api\1.1.2\apiguardian-api-1.1.2.jar;C:\Users\Админ\.m2\repository\org\junit\jupiter\junit-jupiter-params\5.9.0\junit-jupiter-params-5.9.0.jar;C:\Users\Админ\.m2\repository\org\junit\vintage\junit-vintage-engine\5.9.0\junit-vintage-engine-5.9.0.jar;C:\Users\Админ\.m2\repository\org\junit\platform\junit-platform-engine\1.9.0\junit-platform-engine-1.9.0.jar;C:\Users\Админ\.m2\repository\junit\junit\4.13.2\junit-4.13.2.jar;C:\Users\Админ\.m2\repository\org\hamcrest\hamcrest-core\1.3\hamcrest-core-1.3.jar;C:\Users\Админ\.m2\repository\org\testng\testng\7.6.1\testng-7.6.1.jar;C:\Users\Админ\.m2\repository\com\google\code\findbugs\jsr305\3.0.2\jsr305-3.0.2.jar;C:\Users\Админ\.m2\repository\org\slf4j\slf4j-api\1.7.36\slf4j-api-1.7.36.jar;C:\Users\Админ\.m2\repository\com\beust\jcommander\1.82\jcommander-1.82.jar;C:\Users\Админ\.m2\repository\org\webjars\jquery\3.6.0\jquery-3.6.0.jar;C:\Users\Админ\.m2\repository\org\apache\maven\plugins\maven-surefire-report-plugin\3.0.0-M7\maven-surefire-report-plugin-3.0.0-M7.jar;C:\Users\Админ\.m2\repository\org\apache\maven\surefire\surefire-report-parser\3.0.0-M7\surefire-report-parser-3.0.0-M7.jar;C:\Users\Админ\.m2\repository\org\apache\maven\surefire\surefire-logger-api\3.0.0-M7\surefire-logger-api-3.0.0-M7.jar;C:\Users\Админ\.m2\repository\org\apache\maven\shared\maven-shared-utils\3.3.4\maven-shared-utils-3.3.4.jar;C:\Users\Админ\.m2\repository\commons-io\commons-io\2.6\commons-io-2.6.jar;C:\Users\Админ\.m2\repository\org\apache\maven\reporting\maven-reporting-api\3.1.0\maven-reporting-api-3.1.0.jar;C:\Users\Админ\.m2\repository\org\apache\maven\reporting\maven-reporting-impl\3.1.0\maven-reporting-impl-3.1.0.jar;C:\Users\Админ\.m2\repository\org\apache\maven\doxia\doxia-sink-api\1.11.1\doxia-sink-api-1.11.1.jar;C:\Users\Админ\.m2\repository\org\apache\maven\doxia\doxia-logging-api\1.11.1\doxia-logging-api-1.11.1.jar;C:\Users\Админ\.m2\repository\org\apache\maven\doxia\doxia-decoration-model\1.11.1\doxia-decoration-model-1.11.1.jar;C:\Users\Админ\.m2\repository\org\codehaus\plexus\plexus-component-annotations\2.0.0\plexus-component-annotations-2.0.0.jar;C:\Users\Админ\.m2\repository\org\apache\maven\doxia\doxia-core\1.11.1\doxia-core-1.11.1.jar;C:\Users\Админ\.m2\repository\org\codehaus\plexus\plexus-container-default\2.1.0\plexus-container-default-2.1.0.jar;C:\Users\Админ\.m2\repository\org\codehaus\plexus\plexus-classworlds\2.6.0\plexus-classworlds-2.6.0.jar;C:\Users\Админ\.m2\repository\org\apache\xbean\xbean-reflect\3.7\xbean-reflect-3.7.jar;C:\Users\Админ\.m2\repository\com\google\collections\google-collections\1.0\google-collections-1.0.jar;C:\Users\Админ\.m2\repository\org\apache\commons\commons-lang3\3.8.1\commons-lang3-3.8.1.jar;C:\Users\Админ\.m2\repository\org\apache\commons\commons-text\1.3\commons-text-1.3.jar;C:\Users\Админ\.m2\repository\org\apache\httpcomponents\httpclient\4.5.13\httpclient-4.5.13.jar;C:\Users\Админ\.m2\repository\commons-logging\commons-logging\1.2\commons-logging-1.2.jar;C:\Users\Админ\.m2\repository\commons-codec\commons-codec\1.11\commons-codec-1.11.jar;C:\Users\Админ\.m2\repository\org\apache\httpcomponents\httpcore\4.4.14\httpcore-4.4.14.jar;C:\Users\Админ\.m2\repository\org\apache\maven\doxia\doxia-site-renderer\1.11.1\doxia-site-renderer-1.11.1.jar;C:\Users\Админ\.m2\repository\org\apache\maven\maven-artifact\3.0\maven-artifact-3.0.jar;C:\Users\Админ\.m2\repository\org\apache\maven\doxia\doxia-skin-model\1.11.1\doxia-skin-model-1.11.1.jar;C:\Users\Админ\.m2\repository\org\apache\maven\doxia\doxia-module-xhtml\1.11.1\doxia-module-xhtml-1.11.1.jar;C:\Users\Админ\.m2\repository\org\apache\maven\doxia\doxia-module-xhtml5\1.11.1\doxia-module-xhtml5-1.11.1.jar;C:\Users\Админ\.m2\repository\org\codehaus\plexus\plexus-i18n\1.0-beta-10\plexus-i18n-1.0-beta-10.jar;C:\Users\Админ\.m2\repository\org\codehaus\plexus\plexus-velocity\1.2\plexus-velocity-1.2.jar;C:\Users\Админ\.m2\repository\org\apache\velocity\velocity\1.7\velocity-1.7.jar;C:\Users\Админ\.m2\repository\commons-lang\commons-lang\2.4\commons-lang-2.4.jar;C:\Users\Админ\.m2\repository\org\apache\velocity\velocity-tools\2.0\velocity-tools-2.0.jar;C:\Users\Админ\.m2\repository\commons-beanutils\commons-beanutils\1.7.0\commons-beanutils-1.7.0.jar;C:\Users\Админ\.m2\repository\commons-digester\commons-digester\1.8\commons-digester-1.8.jar;C:\Users\Админ\.m2\repository\commons-chain\commons-chain\1.1\commons-chain-1.1.jar;C:\Users\Админ\.m2\repository\dom4j\dom4j\1.1\dom4j-1.1.jar;C:\Users\Админ\.m2\repository\oro\oro\2.0.8\oro-2.0.8.jar;C:\Users\Админ\.m2\repository\commons-collections\commons-collections\3.2.2\commons-collections-3.2.2.jar;C:\Users\Админ\.m2\repository\org\codehaus\plexus\plexus-utils\3.0.24\plexus-utils-3.0.24.jar;"/>
    <property name="sun.cpu.endian" value="little"/>
    <property name="user.home" value="C:\Users\Админ"/>
    <property name="user.language" value="en"/>
    <property name="java.specification.vendor" value="Oracle Corporation"/>
    <property name="java.version.date" value="2022-04-22"/>
    <property name="java.home" value="C:\Program Files\Java\jdk-18.0.1.1"/>
    <property name="file.separator" value="\"/>
    <property name="basedir" value="C:\Violetta\Education\Andersen\hwTasks\hw12_junit5"/>
    <property name="java.vm.compressedOopsMode" value="32-bit"/>
    <property name="line.separator" value="&#10;"/>
    <property name="java.vm.specification.vendor" value="Oracle Corporation"/>
    <property name="java.specification.name" value="Java Platform API Specification"/>
    <property name="surefire.real.class.path" value="C:\Users\Админ\AppData\Local\Temp\surefire12504139453246506223\surefirebooter-20221027173212965_3.jar"/>
    <property name="user.script" value=""/>
    <property name="sun.management.compiler" value="HotSpot 64-Bit Tiered Compilers"/>
    <property name="java.runtime.version" value="18.0.1.1+2-6"/>
    <property name="user.name" value="Админ"/>
    <property name="path.separator" value=";"/>
    <property name="os.version" value="10.0"/>
    <property name="java.runtime.name" value="Java(TM) SE Runtime Environment"/>
    <property name="file.encoding" value="UTF-8"/>
    <property name="java.vm.name" value="Java HotSpot(TM) 64-Bit Server VM"/>
    <property name="localRepository" value="C:\Users\Админ\.m2\repository"/>
    <property name="java.vendor.url.bug" value="https://bugreport.java.com/bugreport/"/>
    <property name="java.io.tmpdir" value="C:\Users\7272~1\AppData\Local\Temp\"/>
    <property name="java.version" value="18.0.1.1"/>
    <property name="user.dir" value="C:\Violetta\Education\Andersen\hwTasks\hw12_junit5"/>
    <property name="os.arch" value="amd64"/>
    <property name="java.vm.specification.name" value="Java Virtual Machine Specification"/>
    <property name="sun.os.patch.level" value=""/>
    <property name="native.encoding" value="Cp1251"/>
    <property name="java.library.path" value="C:\Program Files\Java\jdk-18.0.1.1\bin;C:\Windows\Sun\Java\bin;C:\Windows\system32;C:\Windows;C:\Program Files\Common Files\Oracle\Java\javapath;C:\Windows\system32;C:\Windows;C:\Windows\System32\Wbem;C:\Windows\System32\WindowsPowerShell\v1.0\;C:\Windows\System32\OpenSSH\;C:\Program Files\Git\cmd;C:\Program Files\Apache Software Foundation\apache-maven-3.8.6\bin;%PATH%;C:\Program Files\Java\jdk-18.0.1.1\bin;C:\Users\Админ\AppData\Local\Microsoft\WindowsApps;C:\Program Files\IDEA\IntelliJ IDEA Community Edition 2022.1.3\bin;;C:\Users\Админ\AppData\Local\Programs\Microsoft VS Code\bin;&quot;C:\Program Files\Apache Software Foundation\apache-maven-3.8.6\bin;C:\Program Files\Common Files\Oracle\Java\javapath;C:\Windows\system32;C:\Windows;C:\Windows\System32\Wbem;C:\Windows\System32\WindowsPowerShell\v1.0\;C:\Windows\System32\OpenSSH\;C:\Program Files\Git\cmd;C:\Program Files\Apache Software Foundation\apache-maven-3.8.6\bin;%PATH%;C:\Program Files\Java\jdk-18.0.1.1\bin;&quot;;;."/>
    <property name="java.vm.info" value="mixed mode, sharing"/>
    <property name="java.vendor" value="Oracle Corporation"/>
    <property name="java.vm.version" value="18.0.1.1+2-6"/>
    <property name="sun.io.unicode.encoding" value="UnicodeLittle"/>
    <property name="java.class.version" value="62.0"/>
  </properties>
  <testcase name="triangleSquareNotTriangleTest(int, int, int, double)[1]" classname="TriangleTest" time="0.142"/>
  <testcase name="triangleSquareNotTriangleTest(int, int, int, double)[2]" classname="TriangleTest" time="0.006"/>
  <testcase name="triangleSquareNotTriangleTest(int, int, int, double)[3]" classname="TriangleTest" time="0.013"/>
  <testcase name="triangleSquareUnrealTestException(int, int, int)[1]" classname="TriangleTest" time="0.012"/>
  <testcase name="triangleSquareUnrealTestException(int, int, int)[2]" classname="TriangleTest" time="0.006"/>
  <testcase name="triangleSquareUnrealTestException(int, int, int)[3]" classname="TriangleTest" time="0.004"/>
  <testcase name="triangleSquareUnrealTestException(int, int, int)[4]" classname="TriangleTest" time="0.006"/>
  <testcase name="triangleSquareUnrealTestException(int, int, int)[5]" classname="TriangleTest" time="0.007"/>
  <testcase name="triangleSquareUnrealTestException(int, int, int)[6]" classname="TriangleTest" time="0.007"/>
  <testcase name="triangleSquareUnrealTestException(int, int, int)[7]" classname="TriangleTest" time="0.005"/>
  <testcase name="triangleSquareUnrealTestException(int, int, int)[8]" classname="TriangleTest" time="0.007"/>
  <testcase name="triangleSquareTrueTest(int, int, int, double)[1]" classname="TriangleTest" time="0.004"/>
  <testcase name="triangleSquareTrueTest(int, int, int, double)[2]" classname="TriangleTest" time="0.009"/>
  <testcase name="triangleSquareTrueTest(int, int, int, double)[3]" classname="TriangleTest" time="0.004"/>
  <testcase name="triangleSquareTrueTest(int, int, int, double)[4]" classname="TriangleTest" time="0.002"/>
  <testcase name="triangleSquareUnrealTest(int, int, int, double)[1]" classname="TriangleTest" time="0.003"/>
  <testcase name="triangleSquareUnrealTest(int, int, int, double)[2]" classname="TriangleTest" time="0.003"/>
  <testcase name="triangleSquareUnrealTest(int, int, int, double)[3]" classname="TriangleTest" time="0.003"/>
  <testcase name="triangleSquareUnrealTest(int, int, int, double)[4]" classname="TriangleTest" time="0.002"/>
  <testcase name="triangleSquareUnrealTest(int, int, int, double)[5]" classname="TriangleTest" time="0.002"/>
  <testcase name="triangleSquareUnrealTest(int, int, int, double)[6]" classname="TriangleTest" time="0.002"/>
  <testcase name="triangleSquareUnrealTest(int, int, int, double)[7]" classname="TriangleTest" time="0.002"/>
  <testcase name="triangleSquareUnrealTest(int, int, int, double)[8]" classname="TriangleTest" time="0.006"/>
  <testcase name="triangleSquareTrueTestException(int, int, int, String)[1]" classname="TriangleTest" time="0.016"/>
  <testcase name="triangleSquareTrueTestException(int, int, int, String)[2]" classname="TriangleTest" time="0.001"/>
  <testcase name="triangleSquareTrueTestException(int, int, int, String)[3]" classname="TriangleTest" time="0.003"/>
  <testcase name="triangleSquareTrueTestException(int, int, int, String)[4]" classname="TriangleTest" time="0.001"/>
  <testcase name="triangleSquareNotTriangleTestException(int, int, int)[1]" classname="TriangleTest" time="0.005"/>
  <testcase name="triangleSquareNotTriangleTestException(int, int, int)[2]" classname="TriangleTest" time="0.001"/>
  <testcase name="triangleSquareNotTriangleTestException(int, int, int)[3]" classname="TriangleTest" time="0.002"/>
</testsuite>